vmanager: *I,MERGL1: Preparing icc target model ...
vmanager: *I,MERGL1: Doing model union ...
vmanager: *I,MERGL2:   With primary run (/home/grads/b/bhushan_123/lab-10-BhushanKM/work/sim/regression/htax_regress.bhushan_123.25_12_09_15_31_32_0923/model_dir): /home/grads/b/bhushan_123/lab-10-BhushanKM/work/sim/regression/htax_regress.bhushan_123.25_12_09_15_31_32_0923/model_dir/icc_4e8e3c4e_636b2083.ucm
vmanager: *I,MERGL1: Target model generated successfully.
vmanager: *I,MERGL1: Projecting data into the target model ...
vmanager: *I,MERGL2:   /home/grads/b/bhushan_123/lab-10-BhushanKM/work/sim/regression/htax_regress.bhushan_123.25_12_09_15_31_32_0923/chain_0/all_test/run_1/cov_work/scope/test_sv-847038533:
vmanager: *I,MERGL3:       Data is projected in to the target model.
vmanager: *I,MERGL2:   /home/grads/b/bhushan_123/lab-10-BhushanKM/work/sim/regression/htax_regress.bhushan_123.25_12_09_15_31_32_0923/chain_0/all_test/run_2/cov_work/scope/test_sv1065584898:
vmanager: *I,MERGL3:       Data is projected in to the target model.
vmanager: *I,MERGL2:   /home/grads/b/bhushan_123/lab-10-BhushanKM/work/sim/regression/htax_regress.bhushan_123.25_12_09_15_31_32_0923/chain_0/all_test/run_3/cov_work/scope/test_sv-2109480216:
vmanager: *I,MERGL3:       Data is projected in to the target model.
vmanager: *I,MERGL2:   /home/grads/b/bhushan_123/lab-10-BhushanKM/work/sim/regression/htax_regress.bhushan_123.25_12_09_15_31_32_0923/chain_0/all_test/run_4/cov_work/scope/test_sv-515737537:
vmanager: *I,MERGL3:       Data is projected in to the target model.
vmanager: *I,MERGL2:   /home/grads/b/bhushan_123/lab-10-BhushanKM/work/sim/regression/htax_regress.bhushan_123.25_12_09_15_31_32_0923/chain_0/all_test/run_5/cov_work/scope/test_sv860007271:
vmanager: *I,MERGL3:       Data is projected in to the target model.
vmanager: *I,MERGL2:   /home/grads/b/bhushan_123/lab-10-BhushanKM/work/sim/regression/htax_regress.bhushan_123.25_12_09_15_31_32_0923/chain_0/all_test/run_6/cov_work/scope/test_sv-1463631210:
vmanager: *I,MERGL3:       Data is projected in to the target model.
vmanager: *I,MERGL2:   /home/grads/b/bhushan_123/lab-10-BhushanKM/work/sim/regression/htax_regress.bhushan_123.25_12_09_15_31_32_0923/chain_0/all_test/run_7/cov_work/scope/test_sv851636357:
vmanager: *I,MERGL3:       Data is projected in to the target model.
vmanager: *I,MERGL2:   /home/grads/b/bhushan_123/lab-10-BhushanKM/work/sim/regression/htax_regress.bhushan_123.25_12_09_15_31_32_0923/chain_0/all_test/run_8/cov_work/scope/test_sv1640163426:
vmanager: *I,MERGL3:       Data is projected in to the target model.
vmanager: *I,MERGL2:   /home/grads/b/bhushan_123/lab-10-BhushanKM/work/sim/regression/htax_regress.bhushan_123.25_12_09_15_31_32_0923/chain_0/all_test/run_9/cov_work/scope/test_sv-1111302112:
vmanager: *I,MERGL3:       Data is projected in to the target model.
vmanager: *I,MERGL2:   /home/grads/b/bhushan_123/lab-10-BhushanKM/work/sim/regression/htax_regress.bhushan_123.25_12_09_15_31_32_0923/chain_0/all_test/run_10/cov_work/scope/test_sv801446588:
vmanager: *I,MERGL3:       Data is projected in to the target model.
vmanager: *I,MERGL2:   /home/grads/b/bhushan_123/lab-10-BhushanKM/work/sim/regression/htax_regress.bhushan_123.25_12_09_15_31_32_0923/chain_0/all_test/run_11/cov_work/scope/test_sv473240134:
vmanager: *I,MERGL3:       Data is projected in to the target model.
vmanager: *I,MERGL2:   /home/grads/b/bhushan_123/lab-10-BhushanKM/work/sim/regression/htax_regress.bhushan_123.25_12_09_15_31_32_0923/chain_0/all_test/run_12/cov_work/scope/test_sv188032552:
vmanager: *I,MERGL3:       Data is projected in to the target model.
vmanager: *I,MERGL2:   /home/grads/b/bhushan_123/lab-10-BhushanKM/work/sim/regression/htax_regress.bhushan_123.25_12_09_15_31_32_0923/chain_0/all_test/run_13/cov_work/scope/test_sv-1766496544:
vmanager: *I,MERGL3:       Data is projected in to the target model.
vmanager: *I,MERGL2:   /home/grads/b/bhushan_123/lab-10-BhushanKM/work/sim/regression/htax_regress.bhushan_123.25_12_09_15_31_32_0923/chain_0/all_test/run_14/cov_work/scope/test_sv7716837:
vmanager: *I,MERGL3:       Data is projected in to the target model.
vmanager: *I,MERGL2:   /home/grads/b/bhushan_123/lab-10-BhushanKM/work/sim/regression/htax_regress.bhushan_123.25_12_09_15_31_32_0923/chain_0/all_test/run_15/cov_work/scope/test_sv-378153433:
vmanager: *I,MERGL3:       Data is projected in to the target model.
vmanager: *I,MERGL2:   /home/grads/b/bhushan_123/lab-10-BhushanKM/work/sim/regression/htax_regress.bhushan_123.25_12_09_15_31_32_0923/chain_0/all_test/run_16/cov_work/scope/test_sv-1930152821:
vmanager: *I,MERGL3:       Data is projected in to the target model.
vmanager: *I,MERGL2:   /home/grads/b/bhushan_123/lab-10-BhushanKM/work/sim/regression/htax_regress.bhushan_123.25_12_09_15_31_32_0923/chain_0/all_test/run_17/cov_work/scope/test_sv1676984886:
vmanager: *I,MERGL3:       Data is projected in to the target model.
vmanager: *I,MERGL2:   /home/grads/b/bhushan_123/lab-10-BhushanKM/work/sim/regression/htax_regress.bhushan_123.25_12_09_15_31_32_0923/chain_0/all_test/run_18/cov_work/scope/test_sv974624700:
vmanager: *I,MERGL3:       Data is projected in to the target model.
vmanager: *I,MERGL2:   /home/grads/b/bhushan_123/lab-10-BhushanKM/work/sim/regression/htax_regress.bhushan_123.25_12_09_15_31_32_0923/chain_0/all_test/run_19/cov_work/scope/test_sv-1894362694:
vmanager: *I,MERGL3:       Data is projected in to the target model.
vmanager: *I,MERGL2:   /home/grads/b/bhushan_123/lab-10-BhushanKM/work/sim/regression/htax_regress.bhushan_123.25_12_09_15_31_32_0923/chain_0/all_test/run_20/cov_work/scope/test_sv-1315514782:
vmanager: *I,MERGL3:       Data is projected in to the target model.
vmanager: *I,MERGL2:   /home/grads/b/bhushan_123/lab-10-BhushanKM/work/sim/regression/htax_regress.bhushan_123.25_12_09_15_31_32_0923/chain_0/all_test/run_21/cov_work/scope/test_sv1145648616:
vmanager: *I,MERGL3:       Data is projected in to the target model.
vmanager: *I,MERGL2:   /home/grads/b/bhushan_123/lab-10-BhushanKM/work/sim/regression/htax_regress.bhushan_123.25_12_09_15_31_32_0923/chain_0/all_test/run_22/cov_work/scope/test_sv1833535593:
vmanager: *I,MERGL3:       Data is projected in to the target model.
vmanager: *I,MERGL2:   /home/grads/b/bhushan_123/lab-10-BhushanKM/work/sim/regression/htax_regress.bhushan_123.25_12_09_15_31_32_0923/chain_0/all_test/run_23/cov_work/scope/test_sv-221659086:
vmanager: *I,MERGL3:       Data is projected in to the target model.
vmanager: *I,MERGL2:   /home/grads/b/bhushan_123/lab-10-BhushanKM/work/sim/regression/htax_regress.bhushan_123.25_12_09_15_31_32_0923/chain_0/all_test/run_24/cov_work/scope/test_sv264891527:
vmanager: *I,MERGL3:       Data is projected in to the target model.
vmanager: *I,MERGL2:   /home/grads/b/bhushan_123/lab-10-BhushanKM/work/sim/regression/htax_regress.bhushan_123.25_12_09_15_31_32_0923/chain_0/all_test/run_25/cov_work/scope/test_sv-1053432010:
vmanager: *I,MERGL3:       Data is projected in to the target model.
vmanager: *I,MERGL2:   /home/grads/b/bhushan_123/lab-10-BhushanKM/work/sim/regression/htax_regress.bhushan_123.25_12_09_15_31_32_0923/chain_0/all_test/run_26/cov_work/scope/test_sv-659285538:
vmanager: *I,MERGL3:       Data is projected in to the target model.
vmanager: *I,MERGL2:   /home/grads/b/bhushan_123/lab-10-BhushanKM/work/sim/regression/htax_regress.bhushan_123.25_12_09_15_31_32_0923/chain_0/all_test/run_27/cov_work/scope/test_sv-1917580197:
vmanager: *I,MERGL3:       Data is projected in to the target model.
vmanager: *I,MERGL2:   /home/grads/b/bhushan_123/lab-10-BhushanKM/work/sim/regression/htax_regress.bhushan_123.25_12_09_15_31_32_0923/chain_0/all_test/run_28/cov_work/scope/test_sv846463425:
vmanager: *I,MERGL3:       Data is projected in to the target model.
vmanager: *I,MERGL2:   /home/grads/b/bhushan_123/lab-10-BhushanKM/work/sim/regression/htax_regress.bhushan_123.25_12_09_15_31_32_0923/chain_0/all_test/run_29/cov_work/scope/test_sv1198796938:
vmanager: *I,MERGL3:       Data is projected in to the target model.
vmanager: *I,MERGL2:   /home/grads/b/bhushan_123/lab-10-BhushanKM/work/sim/regression/htax_regress.bhushan_123.25_12_09_15_31_32_0923/chain_0/all_test/run_30/cov_work/scope/test_sv1056186792:
vmanager: *I,MERGL3:       Data is projected in to the target model.
vmanager: *I,MERGL2:   /home/grads/b/bhushan_123/lab-10-BhushanKM/work/sim/regression/htax_regress.bhushan_123.25_12_09_15_31_32_0923/chain_0/all_test/run_31/cov_work/scope/test_sv1209291430:
vmanager: *I,MERGL3:       Data is projected in to the target model.
vmanager: *I,MERGL2:   /home/grads/b/bhushan_123/lab-10-BhushanKM/work/sim/regression/htax_regress.bhushan_123.25_12_09_15_31_32_0923/chain_0/all_test/run_32/cov_work/scope/test_sv1779713210:
vmanager: *I,MERGL3:       Data is projected in to the target model.
vmanager: *I,MERGL2:   /home/grads/b/bhushan_123/lab-10-BhushanKM/work/sim/regression/htax_regress.bhushan_123.25_12_09_15_31_32_0923/chain_0/all_test/run_33/cov_work/scope/test_sv-652968208:
vmanager: *I,MERGL3:       Data is projected in to the target model.
vmanager: *I,MERGL2:   /home/grads/b/bhushan_123/lab-10-BhushanKM/work/sim/regression/htax_regress.bhushan_123.25_12_09_15_31_32_0923/chain_0/all_test/run_34/cov_work/scope/test_sv1729394618:
vmanager: *I,MERGL3:       Data is projected in to the target model.
vmanager: *I,MERGL2:   /home/grads/b/bhushan_123/lab-10-BhushanKM/work/sim/regression/htax_regress.bhushan_123.25_12_09_15_31_32_0923/chain_0/all_test/run_35/cov_work/scope/test_sv-1802212613:
vmanager: *I,MERGL3:       Data is projected in to the target model.
vmanager: *I,MERGL2:   /home/grads/b/bhushan_123/lab-10-BhushanKM/work/sim/regression/htax_regress.bhushan_123.25_12_09_15_31_32_0923/chain_0/all_test/run_36/cov_work/scope/test_sv244605701:
vmanager: *I,MERGL3:       Data is projected in to the target model.
vmanager: *I,MERGL2:   /home/grads/b/bhushan_123/lab-10-BhushanKM/work/sim/regression/htax_regress.bhushan_123.25_12_09_15_31_32_0923/chain_0/all_test/run_37/cov_work/scope/test_sv1838452837:
vmanager: *I,MERGL3:       Data is projected in to the target model.
vmanager: *I,MERGL2:   /home/grads/b/bhushan_123/lab-10-BhushanKM/work/sim/regression/htax_regress.bhushan_123.25_12_09_15_31_32_0923/chain_0/all_test/run_38/cov_work/scope/test_sv1872006099:
vmanager: *I,MERGL3:       Data is projected in to the target model.
vmanager: *I,MERGL2:   /home/grads/b/bhushan_123/lab-10-BhushanKM/work/sim/regression/htax_regress.bhushan_123.25_12_09_15_31_32_0923/chain_0/all_test/run_39/cov_work/scope/test_sv1012171507:
vmanager: *I,MERGL3:       Data is projected in to the target model.
vmanager: *I,MERGL2:   /home/grads/b/bhushan_123/lab-10-BhushanKM/work/sim/regression/htax_regress.bhushan_123.25_12_09_15_31_32_0923/chain_0/all_test/run_40/cov_work/scope/test_sv1096069261:
vmanager: *I,MERGL3:       Data is projected in to the target model.
vmanager: *I,MERGL2:   /home/grads/b/bhushan_123/lab-10-BhushanKM/work/sim/regression/htax_regress.bhushan_123.25_12_09_15_31_32_0923/chain_0/all_test/run_41/cov_work/scope/test_sv-1823167904:
vmanager: *I,MERGL3:       Data is projected in to the target model.
vmanager: *I,MERGL2:   /home/grads/b/bhushan_123/lab-10-BhushanKM/work/sim/regression/htax_regress.bhushan_123.25_12_09_15_31_32_0923/chain_0/all_test/run_42/cov_work/scope/test_sv-791357311:
vmanager: *I,MERGL3:       Data is projected in to the target model.
vmanager: *I,MERGL2:   /home/grads/b/bhushan_123/lab-10-BhushanKM/work/sim/regression/htax_regress.bhushan_123.25_12_09_15_31_32_0923/chain_0/all_test/run_43/cov_work/scope/test_sv-220933617:
vmanager: *I,MERGL3:       Data is projected in to the target model.
vmanager: *I,MERGL2:   /home/grads/b/bhushan_123/lab-10-BhushanKM/work/sim/regression/htax_regress.bhushan_123.25_12_09_15_31_32_0923/chain_0/all_test/run_44/cov_work/scope/test_sv1909771065:
vmanager: *I,MERGL3:       Data is projected in to the target model.
vmanager: *I,MERGL2:   /home/grads/b/bhushan_123/lab-10-BhushanKM/work/sim/regression/htax_regress.bhushan_123.25_12_09_15_31_32_0923/chain_0/all_test/run_45/cov_work/scope/test_sv-1948975929:
vmanager: *I,MERGL3:       Data is projected in to the target model.
vmanager: *I,MERGL1: Writing icc model to /home/grads/b/bhushan_123/lab-10-BhushanKM/work/sim/regression/htax_regress.bhushan_123.25_12_09_15_31_32_0923/merged_ucds/default/1765320860223/icc_4e8e3c4e_636b2083.ucm(merged)
vmanager: *I,MERGL1: Writing icc data to /home/grads/b/bhushan_123/lab-10-BhushanKM/work/sim/regression/htax_regress.bhushan_123.25_12_09_15_31_32_0923/merged_ucds/default/1765320860223/merged_tests/icc_4e8e3c4e_636b2083.ucd(merged)
vmanager: *I,coverage.merge_op_done_no_warns: Merge operation (session runs merge) is done without any conflicts.
