vmanager: *I,MERGL1: Preparing icc target model ...
vmanager: *I,MERGL1: Doing model union ...
vmanager: *I,MERGL2:   With primary run (/home/grads/b/bhushan_123/lab-10-BhushanKM/work/sim/regression/htax_regress.bhushan_123.25_12_08_22_37_55_2251/model_dir): /home/grads/b/bhushan_123/lab-10-BhushanKM/work/sim/regression/htax_regress.bhushan_123.25_12_08_22_37_55_2251/model_dir/icc_4e8e3c4e_636b2083.ucm
vmanager: *I,MERGL1: Target model generated successfully.
vmanager: *I,MERGL1: Projecting data into the target model ...
vmanager: *I,MERGL2:   /home/grads/b/bhushan_123/lab-10-BhushanKM/work/sim/regression/htax_regress.bhushan_123.25_12_08_22_37_55_2251/chain_1/all_test/run_41/cov_work/scope/test_sv140437304:
vmanager: *I,MERGL3:       Data is projected in to the target model.
vmanager: *I,MERGL2:   /home/grads/b/bhushan_123/lab-10-BhushanKM/work/sim/regression/htax_regress.bhushan_123.25_12_08_22_37_55_2251/chain_1/all_test/run_42/cov_work/scope/test_sv-1201733745:
vmanager: *I,MERGL3:       Data is projected in to the target model.
vmanager: *I,MERGL2:   /home/grads/b/bhushan_123/lab-10-BhushanKM/work/sim/regression/htax_regress.bhushan_123.25_12_08_22_37_55_2251/chain_1/all_test/run_43/cov_work/scope/test_sv-731974308:
vmanager: *I,MERGL3:       Data is projected in to the target model.
vmanager: *I,MERGL2:   /home/grads/b/bhushan_123/lab-10-BhushanKM/work/sim/regression/htax_regress.bhushan_123.25_12_08_22_37_55_2251/chain_1/all_test/run_44/cov_work/scope/test_sv475975323:
vmanager: *I,MERGL3:       Data is projected in to the target model.
vmanager: *I,MERGL2:   /home/grads/b/bhushan_123/lab-10-BhushanKM/work/sim/regression/htax_regress.bhushan_123.25_12_08_22_37_55_2251/chain_1/all_test/run_45/cov_work/scope/test_sv1113506889:
vmanager: *I,MERGL3:       Data is projected in to the target model.
vmanager: *I,MERGL2:   /home/grads/b/bhushan_123/lab-10-BhushanKM/work/sim/regression/htax_regress.bhushan_123.25_12_08_22_37_55_2251/chain_1/all_test/run_46/cov_work/scope/test_sv-1302412527:
vmanager: *I,MERGL3:       Data is projected in to the target model.
vmanager: *I,MERGL2:   /home/grads/b/bhushan_123/lab-10-BhushanKM/work/sim/regression/htax_regress.bhushan_123.25_12_08_22_37_55_2251/chain_1/all_test/run_47/cov_work/scope/test_sv-1436624255:
vmanager: *I,MERGL3:       Data is projected in to the target model.
vmanager: *I,MERGL2:   /home/grads/b/bhushan_123/lab-10-BhushanKM/work/sim/regression/htax_regress.bhushan_123.25_12_08_22_37_55_2251/chain_1/all_test/run_48/cov_work/scope/test_sv979292591:
vmanager: *I,MERGL3:       Data is projected in to the target model.
vmanager: *I,MERGL2:   /home/grads/b/bhushan_123/lab-10-BhushanKM/work/sim/regression/htax_regress.bhushan_123.25_12_08_22_37_55_2251/chain_1/all_test/run_49/cov_work/scope/test_sv-966873135:
vmanager: *I,MERGL3:       Data is projected in to the target model.
vmanager: *I,MERGL2:   /home/grads/b/bhushan_123/lab-10-BhushanKM/work/sim/regression/htax_regress.bhushan_123.25_12_08_22_37_55_2251/chain_1/all_test/run_50/cov_work/scope/test_sv-698440248:
vmanager: *I,MERGL3:       Data is projected in to the target model.
vmanager: *I,MERGL2:   /home/grads/b/bhushan_123/lab-10-BhushanKM/work/sim/regression/htax_regress.bhushan_123.25_12_08_22_37_55_2251/chain_1/all_test/run_51/cov_work/scope/test_sv-295781744:
vmanager: *I,MERGL3:       Data is projected in to the target model.
vmanager: *I,MERGL2:   /home/grads/b/bhushan_123/lab-10-BhushanKM/work/sim/regression/htax_regress.bhushan_123.25_12_08_22_37_55_2251/chain_1/all_test/run_52/cov_work/scope/test_sv90086697:
vmanager: *I,MERGL3:       Data is projected in to the target model.
vmanager: *I,MERGL2:   /home/grads/b/bhushan_123/lab-10-BhushanKM/work/sim/regression/htax_regress.bhushan_123.25_12_08_22_37_55_2251/chain_1/all_test/run_53/cov_work/scope/test_sv324959820:
vmanager: *I,MERGL3:       Data is projected in to the target model.
vmanager: *I,MERGL2:   /home/grads/b/bhushan_123/lab-10-BhushanKM/work/sim/regression/htax_regress.bhushan_123.25_12_08_22_37_55_2251/chain_1/all_test/run_54/cov_work/scope/test_sv794706682:
vmanager: *I,MERGL3:       Data is projected in to the target model.
vmanager: *I,MERGL2:   /home/grads/b/bhushan_123/lab-10-BhushanKM/work/sim/regression/htax_regress.bhushan_123.25_12_08_22_37_55_2251/chain_1/all_test/run_55/cov_work/scope/test_sv-656528030:
vmanager: *I,MERGL3:       Data is projected in to the target model.
vmanager: *I,MERGL2:   /home/grads/b/bhushan_123/lab-10-BhushanKM/work/sim/regression/htax_regress.bhushan_123.25_12_08_22_37_55_2251/chain_1/all_test/run_56/cov_work/scope/test_sv-488758509:
vmanager: *I,MERGL3:       Data is projected in to the target model.
vmanager: *I,MERGL2:   /home/grads/b/bhushan_123/lab-10-BhushanKM/work/sim/regression/htax_regress.bhushan_123.25_12_08_22_37_55_2251/chain_1/all_test/run_57/cov_work/scope/test_sv249433926:
vmanager: *I,MERGL3:       Data is projected in to the target model.
vmanager: *I,MERGL2:   /home/grads/b/bhushan_123/lab-10-BhushanKM/work/sim/regression/htax_regress.bhushan_123.25_12_08_22_37_55_2251/chain_1/all_test/run_58/cov_work/scope/test_sv-639754832:
vmanager: *I,MERGL3:       Data is projected in to the target model.
vmanager: *I,MERGL2:   /home/grads/b/bhushan_123/lab-10-BhushanKM/work/sim/regression/htax_regress.bhushan_123.25_12_08_22_37_55_2251/chain_1/all_test/run_59/cov_work/scope/test_sv1138354665:
vmanager: *I,MERGL3:       Data is projected in to the target model.
vmanager: *I,MERGL2:   /home/grads/b/bhushan_123/lab-10-BhushanKM/work/sim/regression/htax_regress.bhushan_123.25_12_08_22_37_55_2251/chain_1/all_test/run_60/cov_work/scope/test_sv1211756805:
vmanager: *I,MERGL3:       Data is projected in to the target model.
vmanager: *I,MERGL2:   /home/grads/b/bhushan_123/lab-10-BhushanKM/work/sim/regression/htax_regress.bhushan_123.25_12_08_22_37_55_2251/chain_1/all_test/run_61/cov_work/scope/test_sv-1774595035:
vmanager: *I,MERGL3:       Data is projected in to the target model.
vmanager: *I,MERGL2:   /home/grads/b/bhushan_123/lab-10-BhushanKM/work/sim/regression/htax_regress.bhushan_123.25_12_08_22_37_55_2251/chain_1/all_test/run_62/cov_work/scope/test_sv-482756391:
vmanager: *I,MERGL3:       Data is projected in to the target model.
vmanager: *I,MERGL2:   /home/grads/b/bhushan_123/lab-10-BhushanKM/work/sim/regression/htax_regress.bhushan_123.25_12_08_22_37_55_2251/chain_1/all_test/run_63/cov_work/scope/test_sv79273042:
vmanager: *I,MERGL3:       Data is projected in to the target model.
vmanager: *I,MERGL2:   /home/grads/b/bhushan_123/lab-10-BhushanKM/work/sim/regression/htax_regress.bhushan_123.25_12_08_22_37_55_2251/chain_1/all_test/run_64/cov_work/scope/test_sv-960925106:
vmanager: *I,MERGL3:       Data is projected in to the target model.
vmanager: *I,MERGL2:   /home/grads/b/bhushan_123/lab-10-BhushanKM/work/sim/regression/htax_regress.bhushan_123.25_12_08_22_37_55_2251/chain_1/all_test/run_65/cov_work/scope/test_sv1371094943:
vmanager: *I,MERGL3:       Data is projected in to the target model.
vmanager: *I,MERGL2:   /home/grads/b/bhushan_123/lab-10-BhushanKM/work/sim/regression/htax_regress.bhushan_123.25_12_08_22_37_55_2251/chain_1/all_test/run_66/cov_work/scope/test_sv-1917248770:
vmanager: *I,MERGL3:       Data is projected in to the target model.
vmanager: *I,MERGL2:   /home/grads/b/bhushan_123/lab-10-BhushanKM/work/sim/regression/htax_regress.bhushan_123.25_12_08_22_37_55_2251/chain_1/all_test/run_67/cov_work/scope/test_sv62450557:
vmanager: *I,MERGL3:       Data is projected in to the target model.
vmanager: *I,MERGL2:   /home/grads/b/bhushan_123/lab-10-BhushanKM/work/sim/regression/htax_regress.bhushan_123.25_12_08_22_37_55_2251/chain_1/all_test/run_68/cov_work/scope/test_sv-742852989:
vmanager: *I,MERGL3:       Data is projected in to the target model.
vmanager: *I,MERGL2:   /home/grads/b/bhushan_123/lab-10-BhushanKM/work/sim/regression/htax_regress.bhushan_123.25_12_08_22_37_55_2251/chain_1/all_test/run_69/cov_work/scope/test_sv-1145519445:
vmanager: *I,MERGL3:       Data is projected in to the target model.
vmanager: *I,MERGL2:   /home/grads/b/bhushan_123/lab-10-BhushanKM/work/sim/regression/htax_regress.bhushan_123.25_12_08_22_37_55_2251/chain_1/all_test/run_70/cov_work/scope/test_sv-1212622951:
vmanager: *I,MERGL3:       Data is projected in to the target model.
vmanager: *I,MERGL2:   /home/grads/b/bhushan_123/lab-10-BhushanKM/work/sim/regression/htax_regress.bhushan_123.25_12_08_22_37_55_2251/chain_1/all_test/run_71/cov_work/scope/test_sv-1065835364:
vmanager: *I,MERGL3:       Data is projected in to the target model.
vmanager: *I,MERGL2:   /home/grads/b/bhushan_123/lab-10-BhushanKM/work/sim/regression/htax_regress.bhushan_123.25_12_08_22_37_55_2251/chain_1/all_test/run_72/cov_work/scope/test_sv142128003:
vmanager: *I,MERGL3:       Data is projected in to the target model.
vmanager: *I,MERGL2:   /home/grads/b/bhushan_123/lab-10-BhushanKM/work/sim/regression/htax_regress.bhushan_123.25_12_08_22_37_55_2251/chain_1/all_test/run_73/cov_work/scope/test_sv2021163149:
vmanager: *I,MERGL3:       Data is projected in to the target model.
vmanager: *I,MERGL2:   /home/grads/b/bhushan_123/lab-10-BhushanKM/work/sim/regression/htax_regress.bhushan_123.25_12_08_22_37_55_2251/chain_1/all_test/run_74/cov_work/scope/test_sv-1804037785:
vmanager: *I,MERGL3:       Data is projected in to the target model.
vmanager: *I,MERGL2:   /home/grads/b/bhushan_123/lab-10-BhushanKM/work/sim/regression/htax_regress.bhushan_123.25_12_08_22_37_55_2251/chain_1/all_test/run_75/cov_work/scope/test_sv-1669830949:
vmanager: *I,MERGL3:       Data is projected in to the target model.
vmanager: *I,MERGL2:   /home/grads/b/bhushan_123/lab-10-BhushanKM/work/sim/regression/htax_regress.bhushan_123.25_12_08_22_37_55_2251/chain_1/all_test/run_76/cov_work/scope/test_sv-1569161456:
vmanager: *I,MERGL3:       Data is projected in to the target model.
vmanager: *I,MERGL2:   /home/grads/b/bhushan_123/lab-10-BhushanKM/work/sim/regression/htax_regress.bhushan_123.25_12_08_22_37_55_2251/chain_1/all_test/run_77/cov_work/scope/test_sv-898075312:
vmanager: *I,MERGL3:       Data is projected in to the target model.
vmanager: *I,MERGL2:   /home/grads/b/bhushan_123/lab-10-BhushanKM/work/sim/regression/htax_regress.bhushan_123.25_12_08_22_37_55_2251/chain_1/all_test/run_78/cov_work/scope/test_sv2054704260:
vmanager: *I,MERGL3:       Data is projected in to the target model.
vmanager: *I,MERGL2:   /home/grads/b/bhushan_123/lab-10-BhushanKM/work/sim/regression/htax_regress.bhushan_123.25_12_08_22_37_55_2251/chain_1/all_test/run_79/cov_work/scope/test_sv1987595045:
vmanager: *I,MERGL3:       Data is projected in to the target model.
vmanager: *I,MERGL2:   /home/grads/b/bhushan_123/lab-10-BhushanKM/work/sim/regression/htax_regress.bhushan_123.25_12_08_22_37_55_2251/chain_1/all_test/run_80/cov_work/scope/test_sv-1636278924:
vmanager: *I,MERGL3:       Data is projected in to the target model.
vmanager: *I,MERGL1: Writing icc model to /home/grads/b/bhushan_123/lab-10-BhushanKM/work/sim/regression/htax_regress.bhushan_123.25_12_08_22_37_55_2251/merged_ucds/default/1765257043303/icc_4e8e3c4e_636b2083.ucm(merged)
vmanager: *I,MERGL1: Writing icc data to /home/grads/b/bhushan_123/lab-10-BhushanKM/work/sim/regression/htax_regress.bhushan_123.25_12_08_22_37_55_2251/merged_ucds/default/1765257043303/merged_tests/icc_4e8e3c4e_636b2083.ucd(merged)
vmanager: *I,coverage.merge_op_done_no_warns: Merge operation (session runs merge) is done without any conflicts.
