vmanager: *I,MERGL1: Preparing icc target model ...
vmanager: *I,MERGL1: Doing model union ...
vmanager: *I,MERGL2:   With primary run (/home/grads/b/bhushan_123/lab-10-BhushanKM/work/sim/regression/htax_regress.bhushan_123.25_12_02_09_46_31_7491/merged_ucds/default/1764696171293): /home/grads/b/bhushan_123/lab-10-BhushanKM/work/sim/regression/htax_regress.bhushan_123.25_12_02_09_46_31_7491/merged_ucds/default/1764696171293/icc_4e8e3c4e_636b2083.ucm(merged)
vmanager: *I,MERGL1: Target model generated successfully.
vmanager: *I,MERGL1: Projecting data into the target model ...
vmanager: *I,MERGL2:   /home/grads/b/bhushan_123/lab-10-BhushanKM/work/sim/regression/htax_regress.bhushan_123.25_12_02_09_46_31_7491/chain_3/all_test/run_91/cov_work/scope/test_sv-1921045873:
vmanager: *I,MERGL3:       Data is projected in to the target model.
vmanager: *I,MERGL2:   /home/grads/b/bhushan_123/lab-10-BhushanKM/work/sim/regression/htax_regress.bhushan_123.25_12_02_09_46_31_7491/chain_3/all_test/run_92/cov_work/scope/test_sv1568626171:
vmanager: *I,MERGL3:       Data is projected in to the target model.
vmanager: *I,MERGL2:   /home/grads/b/bhushan_123/lab-10-BhushanKM/work/sim/regression/htax_regress.bhushan_123.25_12_02_09_46_31_7491/chain_3/all_test/run_93/cov_work/scope/test_sv-41976165:
vmanager: *I,MERGL3:       Data is projected in to the target model.
vmanager: *I,MERGL2:   /home/grads/b/bhushan_123/lab-10-BhushanKM/work/sim/regression/htax_regress.bhushan_123.25_12_02_09_46_31_7491/chain_3/all_test/run_94/cov_work/scope/test_sv595101046:
vmanager: *I,MERGL3:       Data is projected in to the target model.
vmanager: *I,MERGL2:   /home/grads/b/bhushan_123/lab-10-BhushanKM/work/sim/regression/htax_regress.bhushan_123.25_12_02_09_46_31_7491/chain_3/all_test/run_95/cov_work/scope/test_sv-1283939442:
vmanager: *I,MERGL3:       Data is projected in to the target model.
vmanager: *I,MERGL2:   /home/grads/b/bhushan_123/lab-10-BhushanKM/work/sim/regression/htax_regress.bhushan_123.25_12_02_09_46_31_7491/chain_3/all_test/run_96/cov_work/scope/test_sv1266207691:
vmanager: *I,MERGL3:       Data is projected in to the target model.
vmanager: *I,MERGL2:   /home/grads/b/bhushan_123/lab-10-BhushanKM/work/sim/regression/htax_regress.bhushan_123.25_12_02_09_46_31_7491/chain_3/all_test/run_97/cov_work/scope/test_sv1803087520:
vmanager: *I,MERGL3:       Data is projected in to the target model.
vmanager: *I,MERGL2:   /home/grads/b/bhushan_123/lab-10-BhushanKM/work/sim/regression/htax_regress.bhushan_123.25_12_02_09_46_31_7491/chain_3/all_test/run_98/cov_work/scope/test_sv1534655413:
vmanager: *I,MERGL3:       Data is projected in to the target model.
vmanager: *I,MERGL2:   /home/grads/b/bhushan_123/lab-10-BhushanKM/work/sim/regression/htax_regress.bhushan_123.25_12_02_09_46_31_7491/chain_3/all_test/run_99/cov_work/scope/test_sv2071464272:
vmanager: *I,MERGL3:       Data is projected in to the target model.
vmanager: *I,MERGL2:   /home/grads/b/bhushan_123/lab-10-BhushanKM/work/sim/regression/htax_regress.bhushan_123.25_12_02_09_46_31_7491/chain_3/all_test/run_100/cov_work/scope/test_sv662180281:
vmanager: *I,MERGL3:       Data is projected in to the target model.
vmanager: *I,MERGL2:   /home/grads/b/bhushan_123/lab-10-BhushanKM/work/sim/regression/htax_regress.bhushan_123.25_12_02_09_46_31_7491/chain_3/all_test/run_105/cov_work/scope/test_sv-1594329918:
vmanager: *I,MERGL3:       Data is projected in to the target model.
vmanager: *I,MERGL2:   /home/grads/b/bhushan_123/lab-10-BhushanKM/work/sim/regression/htax_regress.bhushan_123.25_12_02_09_46_31_7491/chain_3/all_test/run_115/cov_work/scope/test_sv-486973003:
vmanager: *I,MERGL3:       Data is projected in to the target model.
vmanager: *I,MERGL2:   /home/grads/b/bhushan_123/lab-10-BhushanKM/work/sim/regression/htax_regress.bhushan_123.25_12_02_09_46_31_7491/chain_3/all_test/run_117/cov_work/scope/test_sv-1694849442:
vmanager: *I,MERGL3:       Data is projected in to the target model.
vmanager: *I,MERGL2:   /home/grads/b/bhushan_123/lab-10-BhushanKM/work/sim/regression/htax_regress.bhushan_123.25_12_02_09_46_31_7491/chain_3/all_test/run_118/cov_work/scope/test_sv-84226607:
vmanager: *I,MERGL3:       Data is projected in to the target model.
vmanager: *I,MERGL1: Projecting data into the target model ...
vmanager: *I,MERGL2:   /home/grads/b/bhushan_123/lab-10-BhushanKM/work/sim/regression/htax_regress.bhushan_123.25_12_02_09_46_31_7491/chain_3/all_test/run_101/cov_work/scope/test_sv-1216856721:
vmanager: *I,MERGL3:       Data is projected in to the target model.
vmanager: *I,MERGL2:   /home/grads/b/bhushan_123/lab-10-BhushanKM/work/sim/regression/htax_regress.bhushan_123.25_12_02_09_46_31_7491/chain_3/all_test/run_102/cov_work/scope/test_sv-1887942515:
vmanager: *I,MERGL3:       Data is projected in to the target model.
vmanager: *I,MERGL2:   /home/grads/b/bhushan_123/lab-10-BhushanKM/work/sim/regression/htax_regress.bhushan_123.25_12_02_09_46_31_7491/chain_3/all_test/run_103/cov_work/scope/test_sv1870159259:
vmanager: *I,MERGL3:       Data is projected in to the target model.
vmanager: *I,MERGL2:   /home/grads/b/bhushan_123/lab-10-BhushanKM/work/sim/regression/htax_regress.bhushan_123.25_12_02_09_46_31_7491/chain_3/all_test/run_104/cov_work/scope/test_sv-1082626077:
vmanager: *I,MERGL3:       Data is projected in to the target model.
vmanager: *I,MERGL2:   /home/grads/b/bhushan_123/lab-10-BhushanKM/work/sim/regression/htax_regress.bhushan_123.25_12_02_09_46_31_7491/chain_3/all_test/run_106/cov_work/scope/test_sv-1325825066:
vmanager: *I,MERGL3:       Data is projected in to the target model.
vmanager: *I,MERGL2:   /home/grads/b/bhushan_123/lab-10-BhushanKM/work/sim/regression/htax_regress.bhushan_123.25_12_02_09_46_31_7491/chain_3/all_test/run_107/cov_work/scope/test_sv1224321521:
vmanager: *I,MERGL3:       Data is projected in to the target model.
vmanager: *I,MERGL2:   /home/grads/b/bhushan_123/lab-10-BhushanKM/work/sim/regression/htax_regress.bhushan_123.25_12_02_09_46_31_7491/chain_3/all_test/run_108/cov_work/scope/test_sv-1728459540:
vmanager: *I,MERGL3:       Data is projected in to the target model.
vmanager: *I,MERGL2:   /home/grads/b/bhushan_123/lab-10-BhushanKM/work/sim/regression/htax_regress.bhushan_123.25_12_02_09_46_31_7491/chain_3/all_test/run_109/cov_work/scope/test_sv-117843140:
vmanager: *I,MERGL3:       Data is projected in to the target model.
vmanager: *I,MERGL2:   /home/grads/b/bhushan_123/lab-10-BhushanKM/work/sim/regression/htax_regress.bhushan_123.25_12_02_09_46_31_7491/chain_3/all_test/run_110/cov_work/scope/test_sv-1795556045:
vmanager: *I,MERGL3:       Data is projected in to the target model.
vmanager: *I,MERGL2:   /home/grads/b/bhushan_123/lab-10-BhushanKM/work/sim/regression/htax_regress.bhushan_123.25_12_02_09_46_31_7491/chain_3/all_test/run_111/cov_work/scope/test_sv-185006728:
vmanager: *I,MERGL3:       Data is projected in to the target model.
vmanager: *I,MERGL2:   /home/grads/b/bhushan_123/lab-10-BhushanKM/work/sim/regression/htax_regress.bhushan_123.25_12_02_09_46_31_7491/chain_3/all_test/run_112/cov_work/scope/test_sv1828262254:
vmanager: *I,MERGL3:       Data is projected in to the target model.
vmanager: *I,MERGL2:   /home/grads/b/bhushan_123/lab-10-BhushanKM/work/sim/regression/htax_regress.bhushan_123.25_12_02_09_46_31_7491/chain_3/all_test/run_113/cov_work/scope/test_sv-1124518527:
vmanager: *I,MERGL3:       Data is projected in to the target model.
vmanager: *I,MERGL2:   /home/grads/b/bhushan_123/lab-10-BhushanKM/work/sim/regression/htax_regress.bhushan_123.25_12_02_09_46_31_7491/chain_3/all_test/run_114/cov_work/scope/test_sv-1023846835:
vmanager: *I,MERGL3:       Data is projected in to the target model.
vmanager: *I,MERGL2:   /home/grads/b/bhushan_123/lab-10-BhushanKM/work/sim/regression/htax_regress.bhushan_123.25_12_02_09_46_31_7491/chain_3/all_test/run_116/cov_work/scope/test_sv184196324:
vmanager: *I,MERGL3:       Data is projected in to the target model.
vmanager: *I,MERGL2:   /home/grads/b/bhushan_123/lab-10-BhushanKM/work/sim/regression/htax_regress.bhushan_123.25_12_02_09_46_31_7491/chain_3/all_test/run_119/cov_work/scope/test_sv-1493509345:
vmanager: *I,MERGL3:       Data is projected in to the target model.
vmanager: *I,MERGL2:   /home/grads/b/bhushan_123/lab-10-BhushanKM/work/sim/regression/htax_regress.bhushan_123.25_12_02_09_46_31_7491/chain_3/all_test/run_120/cov_work/scope/test_sv385540571:
vmanager: *I,MERGL3:       Data is projected in to the target model.
vmanager: *I,MERGL1: Writing icc data to /home/grads/b/bhushan_123/lab-10-BhushanKM/work/sim/regression/htax_regress.bhushan_123.25_12_02_09_46_31_7491/merged_ucds/default/1764830106100/merged_tests/icc_4e8e3c4e_636b2083.ucd(merged)
vmanager: *I,coverage.merge_op_done_no_warns: Merge operation (session runs merge) is done without any conflicts.
