vmanager: *I,MERGL1: Preparing icc target model ...
vmanager: *I,MERGL1: Doing model union ...
vmanager: *I,MERGL2:   With primary run (/home/grads/b/bhushan_123/lab-10-BhushanKM/work/sim/regression/htax_regress.bhushan_123.25_12_09_17_11_12_7626/model_dir): /home/grads/b/bhushan_123/lab-10-BhushanKM/work/sim/regression/htax_regress.bhushan_123.25_12_09_17_11_12_7626/model_dir/icc_4e8e3c4e_636b2083.ucm
vmanager: *I,MERGL1: Target model generated successfully.
vmanager: *I,MERGL1: Projecting data into the target model ...
vmanager: *I,MERGL2:   /home/grads/b/bhushan_123/lab-10-BhushanKM/work/sim/regression/htax_regress.bhushan_123.25_12_09_17_11_12_7626/chain_0/all_test/run_1/cov_work/scope/test_sv1753686650:
vmanager: *I,MERGL3:       Data is projected in to the target model.
vmanager: *I,MERGL2:   /home/grads/b/bhushan_123/lab-10-BhushanKM/work/sim/regression/htax_regress.bhushan_123.25_12_09_17_11_12_7626/chain_0/all_test/run_2/cov_work/scope/test_sv-91793681:
vmanager: *I,MERGL3:       Data is projected in to the target model.
vmanager: *I,MERGL2:   /home/grads/b/bhushan_123/lab-10-BhushanKM/work/sim/regression/htax_regress.bhushan_123.25_12_09_17_11_12_7626/chain_0/all_test/run_3/cov_work/scope/test_sv361186800:
vmanager: *I,MERGL3:       Data is projected in to the target model.
vmanager: *I,MERGL2:   /home/grads/b/bhushan_123/lab-10-BhushanKM/work/sim/regression/htax_regress.bhushan_123.25_12_09_17_11_12_7626/chain_0/all_test/run_4/cov_work/scope/test_sv-1215858764:
vmanager: *I,MERGL3:       Data is projected in to the target model.
vmanager: *I,MERGL2:   /home/grads/b/bhushan_123/lab-10-BhushanKM/work/sim/regression/htax_regress.bhushan_123.25_12_09_17_11_12_7626/chain_0/all_test/run_5/cov_work/scope/test_sv1279748702:
vmanager: *I,MERGL3:       Data is projected in to the target model.
vmanager: *I,MERGL2:   /home/grads/b/bhushan_123/lab-10-BhushanKM/work/sim/regression/htax_regress.bhushan_123.25_12_09_17_11_12_7626/chain_0/all_test/run_6/cov_work/scope/test_sv1581750293:
vmanager: *I,MERGL3:       Data is projected in to the target model.
vmanager: *I,MERGL2:   /home/grads/b/bhushan_123/lab-10-BhushanKM/work/sim/regression/htax_regress.bhushan_123.25_12_09_17_11_12_7626/chain_0/all_test/run_7/cov_work/scope/test_sv1833404653:
vmanager: *I,MERGL3:       Data is projected in to the target model.
vmanager: *I,MERGL2:   /home/grads/b/bhushan_123/lab-10-BhushanKM/work/sim/regression/htax_regress.bhushan_123.25_12_09_17_11_12_7626/chain_0/all_test/run_8/cov_work/scope/test_sv256358614:
vmanager: *I,MERGL3:       Data is projected in to the target model.
vmanager: *I,MERGL2:   /home/grads/b/bhushan_123/lab-10-BhushanKM/work/sim/regression/htax_regress.bhushan_123.25_12_09_17_11_12_7626/chain_0/all_test/run_9/cov_work/scope/test_sv-725110855:
vmanager: *I,MERGL3:       Data is projected in to the target model.
vmanager: *I,MERGL2:   /home/grads/b/bhushan_123/lab-10-BhushanKM/work/sim/regression/htax_regress.bhushan_123.25_12_09_17_11_12_7626/chain_0/all_test/run_10/cov_work/scope/test_sv1187502231:
vmanager: *I,MERGL3:       Data is projected in to the target model.
vmanager: *I,MERGL2:   /home/grads/b/bhushan_123/lab-10-BhushanKM/work/sim/regression/htax_regress.bhushan_123.25_12_09_17_11_12_7626/chain_0/all_test/run_11/cov_work/scope/test_sv-1782068309:
vmanager: *I,MERGL3:       Data is projected in to the target model.
vmanager: *I,MERGL2:   /home/grads/b/bhushan_123/lab-10-BhushanKM/work/sim/regression/htax_regress.bhushan_123.25_12_09_17_11_12_7626/chain_0/all_test/run_12/cov_work/scope/test_sv-1740639175:
vmanager: *I,MERGL3:       Data is projected in to the target model.
vmanager: *I,MERGL2:   /home/grads/b/bhushan_123/lab-10-BhushanKM/work/sim/regression/htax_regress.bhushan_123.25_12_09_17_11_12_7626/chain_0/all_test/run_13/cov_work/scope/test_sv289402719:
vmanager: *I,MERGL3:       Data is projected in to the target model.
vmanager: *I,MERGL2:   /home/grads/b/bhushan_123/lab-10-BhushanKM/work/sim/regression/htax_regress.bhushan_123.25_12_09_17_11_12_7626/chain_0/all_test/run_14/cov_work/scope/test_sv1597914020:
vmanager: *I,MERGL3:       Data is projected in to the target model.
vmanager: *I,MERGL2:   /home/grads/b/bhushan_123/lab-10-BhushanKM/work/sim/regression/htax_regress.bhushan_123.25_12_09_17_11_12_7626/chain_0/all_test/run_15/cov_work/scope/test_sv381586709:
vmanager: *I,MERGL3:       Data is projected in to the target model.
vmanager: *I,MERGL2:   /home/grads/b/bhushan_123/lab-10-BhushanKM/work/sim/regression/htax_regress.bhushan_123.25_12_09_17_11_12_7626/chain_0/all_test/run_16/cov_work/scope/test_sv-340182699:
vmanager: *I,MERGL3:       Data is projected in to the target model.
vmanager: *I,MERGL2:   /home/grads/b/bhushan_123/lab-10-BhushanKM/work/sim/regression/htax_regress.bhushan_123.25_12_09_17_11_12_7626/chain_0/all_test/run_17/cov_work/scope/test_sv-1837516822:
vmanager: *I,MERGL3:       Data is projected in to the target model.
vmanager: *I,MERGL2:   /home/grads/b/bhushan_123/lab-10-BhushanKM/work/sim/regression/htax_regress.bhushan_123.25_12_09_17_11_12_7626/chain_0/all_test/run_18/cov_work/scope/test_sv58319256:
vmanager: *I,MERGL3:       Data is projected in to the target model.
vmanager: *I,MERGL2:   /home/grads/b/bhushan_123/lab-10-BhushanKM/work/sim/regression/htax_regress.bhushan_123.25_12_09_17_11_12_7626/chain_0/all_test/run_19/cov_work/scope/test_sv1962425332:
vmanager: *I,MERGL3:       Data is projected in to the target model.
vmanager: *I,MERGL2:   /home/grads/b/bhushan_123/lab-10-BhushanKM/work/sim/regression/htax_regress.bhushan_123.25_12_09_17_11_12_7626/chain_0/all_test/run_20/cov_work/scope/test_sv1173906234:
vmanager: *I,MERGL3:       Data is projected in to the target model.
vmanager: *I,MERGL2:   /home/grads/b/bhushan_123/lab-10-BhushanKM/work/sim/regression/htax_regress.bhushan_123.25_12_09_17_11_12_7626/chain_0/all_test/run_21/cov_work/scope/test_sv-1474761262:
vmanager: *I,MERGL3:       Data is projected in to the target model.
vmanager: *I,MERGL1: Writing icc model to /home/grads/b/bhushan_123/lab-10-BhushanKM/work/sim/regression/htax_regress.bhushan_123.25_12_09_17_11_12_7626/merged_ucds/default/1765325041180/icc_4e8e3c4e_636b2083.ucm(merged)
vmanager: *I,MERGL1: Writing icc data to /home/grads/b/bhushan_123/lab-10-BhushanKM/work/sim/regression/htax_regress.bhushan_123.25_12_09_17_11_12_7626/merged_ucds/default/1765325041180/merged_tests/icc_4e8e3c4e_636b2083.ucd(merged)
vmanager: *I,coverage.merge_op_done_no_warns: Merge operation (session runs merge) is done without any conflicts.
